<?xml version="1.0" encoding="UTF-8"?>
<!-- Generated by org.testng.reporters.JUnitReportReporter -->
<testsuite skipped="0" hostname="MWS747.local" name="testScenarios.Home" tests="1" failures="0" timestamp="26 Jul 2018 15:33:23 GMT" time="73.385" errors="0">
  <testcase name="openPLScreen" time="73.385" classname="testScenarios.Home"/>
</testsuite> <!-- testScenarios.Home -->
